This file contains any messages produced by compilers while
running configure, to aid debugging if configure makes a mistake.

It was created by configure, which was
generated by GNU Autoconf 2.71.  Invocation command line was

  $ ./configure --with-optimize

## --------- ##
## Platform. ##
## --------- ##

hostname = DaisukenoMacBook-ea.local
uname -m = x86_64
uname -r = 20.3.0
uname -s = Darwin
uname -v = Darwin Kernel Version 20.3.0: Thu Jan 21 00:07:06 PST 2021; root:xnu-7195.81.3~1/RELEASE_X86_64

/usr/bin/uname -p = i386
/bin/uname -X     = unknown

/bin/arch              = unknown
/usr/bin/arch -k       = unknown
/usr/convex/getsysinfo = unknown
/usr/bin/hostinfo      = Mach kernel version:
	 Darwin Kernel Version 20.3.0: Thu Jan 21 00:07:06 PST 2021; root:xnu-7195.81.3~1/RELEASE_X86_64
Kernel configured for up to 4 processors.
2 processors are physically available.
4 processors are logically available.
Processor type: x86_64h (Intel x86-64h Haswell)
Processors active: 0 1 2 3
Primary memory available: 8.00 gigabytes
Default processor set: 379 tasks, 1228 threads, 4 processors
Load average: 2.08, Mach factor: 1.90
/bin/machine           = unknown
/usr/bin/oslevel       = unknown
/bin/universe          = unknown

PATH: /usr/local/bin/
PATH: /usr/bin/
PATH: /bin/
PATH: /usr/sbin/
PATH: /sbin/
PATH: /Library/Apple/usr/bin/
PATH: /usr/local/opt/llvm/bin/
PATH: /usr/local/opt/llvm/bin/


## ----------- ##
## Core tests. ##
## ----------- ##

configure:2276: looking for aux files: install-sh
configure:2289:  trying ./
configure:2303:   ./install.sh found
configure:2495: checking for gcc
configure:2516: found /usr/bin/gcc
configure:2527: result: gcc
configure:2880: checking for C compiler version
configure:2889: gcc --version >&5
Apple clang version 12.0.0 (clang-1200.0.32.29)
Target: x86_64-apple-darwin20.3.0
Thread model: posix
InstalledDir: /Applications/Xcode.app/Contents/Developer/Toolchains/XcodeDefault.xctoolchain/usr/bin
Configured with: --prefix=/Applications/Xcode.app/Contents/Developer/usr --with-gxx-include-dir=/Applications/Xcode.app/Contents/Developer/Platforms/MacOSX.platform/Developer/SDKs/MacOSX.sdk/usr/include/c++/4.2.1
configure:2900: $? = 0
configure:2889: gcc -v >&5
Configured with: --prefix=/Applications/Xcode.app/Contents/Developer/usr --with-gxx-include-dir=/Applications/Xcode.app/Contents/Developer/Platforms/MacOSX.platform/Developer/SDKs/MacOSX.sdk/usr/include/c++/4.2.1
Apple clang version 12.0.0 (clang-1200.0.32.29)
Target: x86_64-apple-darwin20.3.0
Thread model: posix
InstalledDir: /Applications/Xcode.app/Contents/Developer/Toolchains/XcodeDefault.xctoolchain/usr/bin
configure:2900: $? = 0
configure:2889: gcc -V >&5
clang: error: argument to '-V' is missing (expected 1 value)
clang: error: no input files
configure:2900: $? = 1
configure:2889: gcc -qversion >&5
clang: error: unknown argument '-qversion'; did you mean '--version'?
clang: error: no input files
configure:2900: $? = 1
configure:2889: gcc -version >&5
clang: error: unknown argument '-version'; did you mean '--version'?
clang: error: no input files
configure:2900: $? = 1
configure:2920: checking whether the C compiler works
configure:2942: gcc    conftest.c  >&5
configure:2946: $? = 0
configure:2996: result: yes
configure:2999: checking for C compiler default output file name
configure:3001: result: a.out
configure:3007: checking for suffix of executables
configure:3014: gcc -o conftest    conftest.c  >&5
configure:3018: $? = 0
configure:3041: result: 
configure:3063: checking whether we are cross compiling
configure:3071: gcc -o conftest    conftest.c  >&5
configure:3075: $? = 0
configure:3082: ./conftest
configure:3086: $? = 0
configure:3101: result: no
configure:3106: checking for suffix of object files
configure:3129: gcc -c   conftest.c >&5
configure:3133: $? = 0
configure:3155: result: o
configure:3159: checking whether the compiler supports GNU C
configure:3179: gcc -c   conftest.c >&5
configure:3179: $? = 0
configure:3189: result: yes
configure:3200: checking whether gcc accepts -g
configure:3221: gcc -c -g  conftest.c >&5
configure:3221: $? = 0
configure:3265: result: yes
configure:3285: checking for gcc option to enable C11 features
configure:3300: gcc  -c -g -O2  conftest.c >&5
configure:3300: $? = 0
configure:3318: result: none needed
configure:3444: checking for a BSD-compatible install
configure:3517: result: /usr/bin/install -c
configure:3533: checking for stdio.h
configure:3533: gcc -c -g -O2  conftest.c >&5
configure:3533: $? = 0
configure:3533: result: yes
configure:3533: checking for stdlib.h
configure:3533: gcc -c -g -O2  conftest.c >&5
configure:3533: $? = 0
configure:3533: result: yes
configure:3533: checking for string.h
configure:3533: gcc -c -g -O2  conftest.c >&5
configure:3533: $? = 0
configure:3533: result: yes
configure:3533: checking for inttypes.h
configure:3533: gcc -c -g -O2  conftest.c >&5
configure:3533: $? = 0
configure:3533: result: yes
configure:3533: checking for stdint.h
configure:3533: gcc -c -g -O2  conftest.c >&5
configure:3533: $? = 0
configure:3533: result: yes
configure:3533: checking for strings.h
configure:3533: gcc -c -g -O2  conftest.c >&5
configure:3533: $? = 0
configure:3533: result: yes
configure:3533: checking for sys/stat.h
configure:3533: gcc -c -g -O2  conftest.c >&5
configure:3533: $? = 0
configure:3533: result: yes
configure:3533: checking for sys/types.h
configure:3533: gcc -c -g -O2  conftest.c >&5
configure:3533: $? = 0
configure:3533: result: yes
configure:3533: checking for unistd.h
configure:3533: gcc -c -g -O2  conftest.c >&5
configure:3533: $? = 0
configure:3533: result: yes
configure:3558: checking whether byte ordering is bigendian
configure:3574: gcc -c -g -O2  conftest.c >&5
configure:3574: $? = 0
configure:3620: gcc -c -g -O2  conftest.c >&5
configure:3620: $? = 0
configure:3639: gcc -c -g -O2  conftest.c >&5
conftest.c:26:4: error: use of undeclared identifier 'not'
                 not big endian
                 ^
1 error generated.
configure:3639: $? = 1
configure: failed program was:
| /* confdefs.h */
| #define PACKAGE_NAME ""
| #define PACKAGE_TARNAME ""
| #define PACKAGE_VERSION ""
| #define PACKAGE_STRING ""
| #define PACKAGE_BUGREPORT ""
| #define PACKAGE_URL ""
| #define HAVE_STDIO_H 1
| #define HAVE_STDLIB_H 1
| #define HAVE_STRING_H 1
| #define HAVE_INTTYPES_H 1
| #define HAVE_STDINT_H 1
| #define HAVE_STRINGS_H 1
| #define HAVE_SYS_STAT_H 1
| #define HAVE_SYS_TYPES_H 1
| #define HAVE_UNISTD_H 1
| #define STDC_HEADERS 1
| /* end confdefs.h.  */
| #include <sys/types.h>
| 		#include <sys/param.h>
| 
| int
| main (void)
| {
| #if BYTE_ORDER != BIG_ENDIAN
| 		 not big endian
| 		#endif
| 
|   ;
|   return 0;
| }
configure:3773: result: no
configure:3833: checking CPU type
configure:3904: checking Operating System
configure:3940: checking for main in -ldl
configure:3960: gcc -o conftest -I. -O2   conftest.c -ldl   >&5
configure:3960: $? = 0
configure:3970: result: yes
configure:3982: checking for math.h
configure:3982: gcc -c -I. -O2  conftest.c >&5
configure:3982: $? = 0
configure:3982: result: yes
configure:3989: checking for main in -lm
configure:4009: gcc -o conftest -I. -O2   conftest.c -lm   -ldl >&5
configure:4009: $? = 0
configure:4019: result: yes
configure:4027: checking for iconv.h
configure:4027: gcc -c -I. -O2  conftest.c >&5
configure:4027: $? = 0
configure:4027: result: yes
configure:4035: checking for pcre.h
configure:4035: gcc -c -I. -O2  conftest.c >&5
configure:4035: $? = 0
configure:4035: result: yes
configure:4042: checking for main in -lpcre
configure:4062: gcc -o conftest -I. -O2   conftest.c -lpcre   -ldl -lm >&5
configure:4062: $? = 0
configure:4072: result: yes
configure:4084: checking for ncurses.h
configure:4084: gcc -c -I. -O2  conftest.c >&5
configure:4084: $? = 0
configure:4084: result: yes
configure:4091: checking for main in -lncurses
configure:4111: gcc -o conftest -I. -O2   conftest.c -lncurses   -ldl -lm -lpcre >&5
configure:4111: $? = 0
configure:4121: result: yes
configure:4176: checking for readline/readline.h
configure:4176: gcc -c -I. -O2  conftest.c >&5
configure:4176: $? = 0
configure:4176: result: yes
configure:4183: checking for main in -lreadline
configure:4203: gcc -o conftest -I. -O2   conftest.c -lreadline   -ldl -lm -lpcre -lncurses >&5
configure:4203: $? = 0
configure:4213: result: yes
configure:4222: checking for main in -lrt
configure:4242: gcc -o conftest -I. -O2   conftest.c -lrt   -ldl -lm -lpcre -lncurses -lreadline >&5
ld: library not found for -lrt
clang: error: linker command failed with exit code 1 (use -v to see invocation)
configure:4242: $? = 1
configure: failed program was:
| /* confdefs.h */
| #define PACKAGE_NAME ""
| #define PACKAGE_TARNAME ""
| #define PACKAGE_VERSION ""
| #define PACKAGE_STRING ""
| #define PACKAGE_BUGREPORT ""
| #define PACKAGE_URL ""
| #define HAVE_STDIO_H 1
| #define HAVE_STDLIB_H 1
| #define HAVE_STRING_H 1
| #define HAVE_INTTYPES_H 1
| #define HAVE_STDINT_H 1
| #define HAVE_STRINGS_H 1
| #define HAVE_SYS_STAT_H 1
| #define HAVE_SYS_TYPES_H 1
| #define HAVE_UNISTD_H 1
| #define STDC_HEADERS 1
| #define __64BIT_CPU__ 1
| #define __X86_64__ 1
| #define HAVE_MATH_H 1
| #define HAVE_ICONV_H 1
| #define HAVE_PCRE_H 1
| #define HAVE_NCURSESW_H 1
| #define HAVE_READLINE_H 1
| /* end confdefs.h.  */
| 
| 
| int
| main (void)
| {
| return main ();
|   ;
|   return 0;
| }
configure:4252: result: no
configure:4261: checking for pthread.h
configure:4261: gcc -c -I. -O2  conftest.c >&5
configure:4261: $? = 0
configure:4261: result: yes
configure:4268: checking for main in -lpthread
configure:4288: gcc -o conftest -I. -O2   conftest.c -lpthread   -ldl -lm -lpcre -lncurses -lreadline >&5
configure:4288: $? = 0
configure:4298: result: yes
configure:4326: checking for lchmod
configure:4326: gcc -o conftest -I. -O2   conftest.c  -ldl -lm -lpcre -lncurses -lreadline -lpthread >&5
configure:4326: $? = 0
configure:4326: result: yes
configure:4333: checking for execvpe
configure:4333: gcc -o conftest -I. -O2   conftest.c  -ldl -lm -lpcre -lncurses -lreadline -lpthread >&5
Undefined symbols for architecture x86_64:
  "_execvpe", referenced from:
      _main in conftest-89decc.o
ld: symbol(s) not found for architecture x86_64
clang: error: linker command failed with exit code 1 (use -v to see invocation)
configure:4333: $? = 1
configure: failed program was:
| /* confdefs.h */
| #define PACKAGE_NAME ""
| #define PACKAGE_TARNAME ""
| #define PACKAGE_VERSION ""
| #define PACKAGE_STRING ""
| #define PACKAGE_BUGREPORT ""
| #define PACKAGE_URL ""
| #define HAVE_STDIO_H 1
| #define HAVE_STDLIB_H 1
| #define HAVE_STRING_H 1
| #define HAVE_INTTYPES_H 1
| #define HAVE_STDINT_H 1
| #define HAVE_STRINGS_H 1
| #define HAVE_SYS_STAT_H 1
| #define HAVE_SYS_TYPES_H 1
| #define HAVE_UNISTD_H 1
| #define STDC_HEADERS 1
| #define __64BIT_CPU__ 1
| #define __X86_64__ 1
| #define HAVE_MATH_H 1
| #define HAVE_ICONV_H 1
| #define HAVE_PCRE_H 1
| #define HAVE_NCURSESW_H 1
| #define HAVE_READLINE_H 1
| #define HAVE_PTHREAD_H 1
| #define HAVE_LCHMOD 1
| /* end confdefs.h.  */
| /* Define execvpe to an innocuous variant, in case <limits.h> declares execvpe.
|    For example, HP-UX 11i <limits.h> declares gettimeofday.  */
| #define execvpe innocuous_execvpe
| 
| /* System header to define __stub macros and hopefully few prototypes,
|    which can conflict with char execvpe (); below.  */
| 
| #include <limits.h>
| #undef execvpe
| 
| /* Override any GCC internal prototype to avoid an error.
|    Use char because int might match the return type of a GCC
|    builtin and then its argument prototype would still apply.  */
| #ifdef __cplusplus
| extern "C"
| #endif
| char execvpe ();
| /* The GNU C library defines this for functions which it implements
|     to always fail with ENOSYS.  Some functions are actually named
|     something starting with __ and the normal name is an alias.  */
| #if defined __stub_execvpe || defined __stub___execvpe
| choke me
| #endif
| 
| int
| main (void)
| {
| return execvpe ();
|   ;
|   return 0;
| }
configure:4333: result: no
configure:4460: creating ./config.status

## ---------------------- ##
## Running config.status. ##
## ---------------------- ##

This file was extended by config.status, which was
generated by GNU Autoconf 2.71.  Invocation command line was

  CONFIG_FILES    = 
  CONFIG_HEADERS  = 
  CONFIG_LINKS    = 
  CONFIG_COMMANDS = 
  $ ./config.status 

on DaisukenoMacBook-ea.local

config.status:805: creating Makefile
config.status:805: creating config.h

## ---------------- ##
## Cache variables. ##
## ---------------- ##

ac_cv_c_bigendian=no
ac_cv_c_compiler_gnu=yes
ac_cv_env_CC_set=
ac_cv_env_CC_value=
ac_cv_env_CFLAGS_set=
ac_cv_env_CFLAGS_value=
ac_cv_env_CPPFLAGS_set=
ac_cv_env_CPPFLAGS_value=
ac_cv_env_LDFLAGS_set=
ac_cv_env_LDFLAGS_value=
ac_cv_env_LIBS_set=
ac_cv_env_LIBS_value=
ac_cv_env_build_alias_set=
ac_cv_env_build_alias_value=
ac_cv_env_host_alias_set=
ac_cv_env_host_alias_value=
ac_cv_env_target_alias_set=
ac_cv_env_target_alias_value=
ac_cv_func_execvpe=no
ac_cv_func_lchmod=yes
ac_cv_header_iconv_h=yes
ac_cv_header_inttypes_h=yes
ac_cv_header_math_h=yes
ac_cv_header_ncurses_h=yes
ac_cv_header_pcre_h=yes
ac_cv_header_pthread_h=yes
ac_cv_header_readline_readline_h=yes
ac_cv_header_stdint_h=yes
ac_cv_header_stdio_h=yes
ac_cv_header_stdlib_h=yes
ac_cv_header_string_h=yes
ac_cv_header_strings_h=yes
ac_cv_header_sys_stat_h=yes
ac_cv_header_sys_types_h=yes
ac_cv_header_unistd_h=yes
ac_cv_lib_dl=ac_cv_lib_dl_main
ac_cv_lib_dl_main=yes
ac_cv_lib_m=ac_cv_lib_m_main
ac_cv_lib_m_main=yes
ac_cv_lib_ncurses=ac_cv_lib_ncurses_main
ac_cv_lib_ncurses_main=yes
ac_cv_lib_pcre=ac_cv_lib_pcre_main
ac_cv_lib_pcre_main=yes
ac_cv_lib_pthread=ac_cv_lib_pthread_main
ac_cv_lib_pthread_main=yes
ac_cv_lib_readline=ac_cv_lib_readline_main
ac_cv_lib_readline_main=yes
ac_cv_lib_rt=ac_cv_lib_rt_main
ac_cv_lib_rt_main=no
ac_cv_objext=o
ac_cv_path_install='/usr/bin/install -c'
ac_cv_prog_ac_ct_CC=gcc
ac_cv_prog_cc_c11=
ac_cv_prog_cc_g=yes
ac_cv_prog_cc_stdc=

## ----------------- ##
## Output variables. ##
## ----------------- ##

CC='gcc'
CFLAGS='-I. -O2'
CPPFLAGS=''
DEFS='-DHAVE_CONFIG_H'
DESTDIR='/usr/local'
ECHO_C='\c'
ECHO_N=''
ECHO_T=''
EXEEXT=''
INSTALL_DATA='${INSTALL} -m 644'
INSTALL_PROGRAM='${INSTALL}'
INSTALL_SCRIPT='${INSTALL}'
LDFLAGS=''
LIBOBJS=''
LIBS=' -ldl -lm -lpcre -lncurses -lreadline -lpthread'
LTLIBOBJS=''
NCC='neo-c'
NCFLAGS=''
OBJEXT='o'
OS=''
PACKAGE_BUGREPORT=''
PACKAGE_NAME=''
PACKAGE_STRING=''
PACKAGE_TARNAME=''
PACKAGE_URL=''
PACKAGE_VERSION=''
PATH_SEPARATOR=':'
SHELL='/bin/sh'
ac_ct_CC='gcc'
bindir='${exec_prefix}/bin'
build_alias=''
datadir='${datarootdir}'
datarootdir='${prefix}/share'
docdir='${datarootdir}/doc/${PACKAGE}'
dvidir='${docdir}'
exec_prefix='${prefix}'
host_alias=''
htmldir='${docdir}'
includedir='${prefix}/include'
infodir='${datarootdir}/info'
libdir='${exec_prefix}/lib'
libexecdir='${exec_prefix}/libexec'
localedir='${datarootdir}/locale'
localstatedir='${prefix}/var'
mandir='${datarootdir}/man'
oldincludedir='/usr/include'
pdfdir='${docdir}'
prefix='/usr/local'
program_transform_name='s,x,x,'
psdir='${docdir}'
runstatedir='${localstatedir}/run'
sbindir='${exec_prefix}/sbin'
sharedstatedir='${prefix}/com'
sysconfdir='${prefix}/etc'
target_alias=''

## ----------- ##
## confdefs.h. ##
## ----------- ##

/* confdefs.h */
#define PACKAGE_NAME ""
#define PACKAGE_TARNAME ""
#define PACKAGE_VERSION ""
#define PACKAGE_STRING ""
#define PACKAGE_BUGREPORT ""
#define PACKAGE_URL ""
#define HAVE_STDIO_H 1
#define HAVE_STDLIB_H 1
#define HAVE_STRING_H 1
#define HAVE_INTTYPES_H 1
#define HAVE_STDINT_H 1
#define HAVE_STRINGS_H 1
#define HAVE_SYS_STAT_H 1
#define HAVE_SYS_TYPES_H 1
#define HAVE_UNISTD_H 1
#define STDC_HEADERS 1
#define __64BIT_CPU__ 1
#define __X86_64__ 1
#define HAVE_MATH_H 1
#define HAVE_ICONV_H 1
#define HAVE_PCRE_H 1
#define HAVE_NCURSESW_H 1
#define HAVE_READLINE_H 1
#define HAVE_PTHREAD_H 1
#define HAVE_LCHMOD 1

configure: exit 0
